Server running at http://127.0.0.1:8080/
Request: /
Request: /
Request: /css/style.css
Request: /css/components.css
Request: /js/main.js?v=3
Request: /js/engine.js
Request: /js/shared.js
Request: /js/events.js
Request: /js/config.js
Request: /js/state.js
Request: /js/ui.js
Request: /js/logic.js
Request: /js/renderer.js
Request: /js/dialogue.js
Request: /js/reasoning.js
Request: /js/exploration.js
Request: /js/consts.js
Request: /js/systems/sacrifice.js
Request: /js/systems/truename.js
Request: /js/core/task-manager.js
Request: /js/core/stack-system.js
Request: /js/core/drag-system.js
Request: /js/config/cards.js
Request: /js/config/combinations.js
Request: /js/config/scenes.js
Request: /js/config/dialogues.js
Request: /js/config/endings.js
Request: /
Request: /css/style.css
Request: /css/components.css
Request: /js/main.js?v=3
Request: /js/engine.js
Request: /js/shared.js
Request: /js/events.js
Request: /js/config.js
Request: /js/state.js
Request: /js/ui.js
Request: /js/logic.js
Request: /js/renderer.js
Request: /js/dialogue.js
Request: /js/reasoning.js
Request: /js/exploration.js
Request: /js/consts.js
Request: /js/systems/sacrifice.js
Request: /js/systems/truename.js
Request: /js/core/task-manager.js
Request: /js/core/stack-system.js
Request: /js/core/drag-system.js
Request: /js/config/cards.js
Request: /js/config/combinations.js
Request: /js/config/scenes.js
Request: /js/config/dialogues.js
Request: /js/config/endings.js
